0 info it worked if it ends with ok
1 verbose cli [ '/usr/bin/node', '/usr/bin/npm', 'run', 'test' ]
2 info using npm@3.5.2
3 info using node@v8.10.0
4 verbose run-script [ 'pretest', 'test', 'posttest' ]
5 info lifecycle FourApp@1.0.0~pretest: FourApp@1.0.0
6 silly lifecycle FourApp@1.0.0~pretest: no script for pretest, continuing
7 info lifecycle FourApp@1.0.0~test: FourApp@1.0.0
8 verbose lifecycle FourApp@1.0.0~test: unsafe-perm in lifecycle true
9 verbose lifecycle FourApp@1.0.0~test: PATH: /usr/share/npm/bin/node-gyp-bin:/home/ahmad/Desktop/four/v1/FourApp/node_modules/.bin:/home/ahmad/.local/bin:/usr/local/sbin:/usr/local/bin:/usr/sbin:/usr/bin:/sbin:/bin:/usr/games:/usr/local/games:/snap/bin
10 verbose lifecycle FourApp@1.0.0~test: CWD: /home/ahmad/Desktop/four/v1/FourApp
11 silly lifecycle FourApp@1.0.0~test: Args: [ '-c', 'NODE_ENV=test tape tests/backend_test.js |  tap-spec' ]
12 silly lifecycle FourApp@1.0.0~test: Returned: code: 1  signal: null
13 info lifecycle FourApp@1.0.0~test: Failed to exec test script
14 verbose stack Error: FourApp@1.0.0 test: `NODE_ENV=test tape tests/backend_test.js |  tap-spec`
14 verbose stack Exit status 1
14 verbose stack     at EventEmitter.<anonymous> (/usr/share/npm/lib/utils/lifecycle.js:232:16)
14 verbose stack     at emitTwo (events.js:126:13)
14 verbose stack     at EventEmitter.emit (events.js:214:7)
14 verbose stack     at ChildProcess.<anonymous> (/usr/share/npm/lib/utils/spawn.js:24:14)
14 verbose stack     at emitTwo (events.js:126:13)
14 verbose stack     at ChildProcess.emit (events.js:214:7)
14 verbose stack     at maybeClose (internal/child_process.js:925:16)
14 verbose stack     at Process.ChildProcess._handle.onexit (internal/child_process.js:209:5)
15 verbose pkgid FourApp@1.0.0
16 verbose cwd /home/ahmad/Desktop/four/v1/FourApp
17 error Linux 4.15.0-36-generic
18 error argv "/usr/bin/node" "/usr/bin/npm" "run" "test"
19 error node v8.10.0
20 error npm  v3.5.2
21 error code ELIFECYCLE
22 error FourApp@1.0.0 test: `NODE_ENV=test tape tests/backend_test.js |  tap-spec`
22 error Exit status 1
23 error Failed at the FourApp@1.0.0 test script 'NODE_ENV=test tape tests/backend_test.js |  tap-spec'.
23 error Make sure you have the latest version of node.js and npm installed.
23 error If you do, this is most likely a problem with the FourApp package,
23 error not with npm itself.
23 error Tell the author that this fails on your system:
23 error     NODE_ENV=test tape tests/backend_test.js |  tap-spec
23 error You can get information on how to open an issue for this project with:
23 error     npm bugs FourApp
23 error Or if that isn't available, you can get their info via:
23 error     npm owner ls FourApp
23 error There is likely additional logging output above.
24 verbose exit [ 1, true ]
